<?xml version="1.0" encoding="UTF-8"?>
<!-- Generated by org.testng.reporters.JUnitReportReporter -->
<testsuite hostname="USER" name="SampleTest" tests="2" failures="0" timestamp="1 Aug 2015 01:36:26 GMT" time="0.015" errors="0">
  <testcase name="testApplication" time="0.014" classname="SampleTest"/>
  <testcase name="testLogin" time="0.001" classname="SampleTest"/>
</testsuite> <!-- SampleTest -->
