<?xml version="1.0" encoding="UTF-8"?>
<!-- Generated by org.testng.reporters.JUnitReportReporter -->
<testsuite hostname="USER" name="SampleTest1" tests="4" failures="0" timestamp="5 Aug 2015 02:09:23 GMT" time="0.008" errors="0">
  <testcase name="logout" time="0.000" classname="SampleTest1"/>
  <testcase name="testLogin" time="0.001" classname="SampleTest1"/>
  <testcase name="testChangePassword" time="0.000" classname="SampleTest1"/>
  <testcase name="testLogin" time="0.007" classname="SampleTest1"/>
</testsuite> <!-- SampleTest1 -->
