<?xml version="1.0" encoding="UTF-8"?>
<!-- Generated by org.testng.reporters.JUnitReportReporter -->
<testsuite hostname="USER" name="test.YahooRegistrationTest" tests="3" failures="0" timestamp="13 Aug 2016 01:49:25 GMT" time="0.001" errors="0">
  <testcase name="testRegister" time="0.000" classname="test.YahooRegistrationTest"/>
  <testcase name="testRegister" time="0.001" classname="test.YahooRegistrationTest"/>
  <testcase name="testRegister" time="0.000" classname="test.YahooRegistrationTest"/>
</testsuite> <!-- test.YahooRegistrationTest -->
