<?xml version="1.0" encoding="UTF-8"?>
<!-- Generated by org.testng.reporters.JUnitReportReporter -->
<testsuite hostname="USER" name="test.YahooNewsTest" tests="1" failures="0" timestamp="13 Aug 2016 01:49:25 GMT" time="0.006" errors="0">
  <testcase name="testNews" time="0.006" classname="test.YahooNewsTest"/>
</testsuite> <!-- test.YahooNewsTest -->
