<?xml version="1.0" encoding="UTF-8"?>
<!-- Generated by org.testng.reporters.JUnitReportReporter -->
<testsuite hostname="USER" name="test.YahooTest" tests="2" failures="0" timestamp="13 Aug 2016 01:49:25 GMT" time="0.002" errors="0">
  <testcase name="testSendMail" time="0.001" classname="test.YahooTest"/>
  <testcase name="testReceiveMail" time="0.001" classname="test.YahooTest"/>
</testsuite> <!-- test.YahooTest -->
