<?xml version="1.0" encoding="UTF-8"?>
<!-- Generated by org.testng.reporters.JUnitReportReporter -->
<testsuite hostname="USER" name="TestCases" tests="4" failures="0" timestamp="5 Aug 2015 02:19:25 GMT" time="0.011" errors="0">
  <testcase name="testB" time="0.001" classname="TestCases"/>
  <testcase name="testA" time="0.008" classname="TestCases"/>
  <testcase name="testB" time="0.001" classname="TestCases"/>
  <testcase name="testA" time="0.001" classname="TestCases"/>
</testsuite> <!-- TestCases -->
