<?xml version="1.0" encoding="UTF-8"?>
<!-- Generated by org.testng.reporters.JUnitReportReporter -->
<testsuite hostname="USER" name="RegTest" tests="2" failures="0" timestamp="4 Aug 2015 02:25:57 GMT" time="0.008" errors="0">
  <testcase name="doRegister" time="0.007" classname="RegTest"/>
  <testcase name="doRegister" time="0.001" classname="RegTest"/>
</testsuite> <!-- RegTest -->
